{"numFailedTestSuites":0,"numFailedTests":0,"numPassedTestSuites":1,"numPassedTests":4,"numPendingTestSuites":0,"numPendingTests":0,"numRuntimeErrorTestSuites":0,"numTodoTests":0,"numTotalTestSuites":1,"numTotalTests":4,"openHandles":[],"snapshot":{"added":0,"didUpdate":false,"failure":false,"filesAdded":0,"filesRemoved":0,"filesRemovedList":[],"filesUnmatched":0,"filesUpdated":0,"matched":0,"total":0,"unchecked":0,"uncheckedKeysByFile":[],"unmatched":0,"updated":0},"startTime":1789141636443,"success":true,"testResults":[{"assertionResults":[{"ancestorTitles":[],"failureMessages":[],"fullName":"renders the SpendWise dashboard shell","location":null,"status":"passed","title":"renders the SpendWise dashboard shell"},{"ancestorTitles":[],"failureMessages":[],"fullName":"renders the login entry and forgot password action when signed out","location":null,"status":"passed","title":"renders the login entry and forgot password action when signed out"},{"ancestorTitles":[],"failureMessages":[],"fullName":"restores the authenticated session from the stored token and loads the app shell","location":null,"status":"passed","title":"restores the authenticated session from the stored token and loads the app shell"},{"ancestorTitles":[],"failureMessages":[],"fullName":"includes Budgets in the authenticated navigation and shows the empty state","location":null,"status":"passed","title":"includes Budgets in the authenticated navigation and shows the empty state"}],"endTime":1789141641382,"message":"","name":"C:\\Users\\hprab\\spendwise\\frontend\\src\\App.test.js","startTime":1789141637874,"status":"passed","summary":""}],"wasInterrupted":false}